----------------------------------------------
jonas(1000) 9 - john ho(1000) 7: 0.000000
jonas(1029)    john ho(970)
----------------------------------------------
kendra(1000) 9 - jon m.(1000) 1: 0.000000
kendra(1036)    jon m.(963)
----------------------------------------------
pravin(1000) 8 - dan(1000) 4: 0.000000
pravin(1032)    dan(967)
----------------------------------------------
john l.(1000) 8 - eliott(1000) 7: 0.000000
john l.(1026)    eliott(973)
----------------------------------------------
sean(1000) 9 - mark(1000) 0: 0.000000
sean(1037)    mark(962)
----------------------------------------------
jonas(1029) 9 - pravin(1032) 8: 0.494874
jonas(1036)    pravin(1025)
----------------------------------------------
john ho(970) 9 - jon m.(963) 1: 0.510806
john ho(987)    jon m.(946)
----------------------------------------------
kendra(1036) 9 - dan(967) 6: 0.599087
kendra(1044)    dan(959)
----------------------------------------------
sean(1037) 9 - eliott(973) 2: 0.591615
sean(1049)    eliott(960)
----------------------------------------------
mark(962) 9 - john l.(1026) 7: 0.408385
mark(975)    john l.(1013)
----------------------------------------------
peter(1000) 8 - frank(1000) 5: 0.000000
peter(1031)    frank(968)
----------------------------------------------
tim(1000) 9 - kevin(1000) 4: 0.000000
tim(1034)    kevin(965)
----------------------------------------------
kimberly(1000) 8 - kareem(1000) 5: 0.000000
kimberly(1031)    kareem(968)
----------------------------------------------
kenan(1000) 6 - christine(1000) 5: 0.000000
kenan(1026)    christine(973)
----------------------------------------------
darryl(1000) 7 - georges(1000) 6: 0.000000
darryl(1026)    georges(973)
----------------------------------------------
kimberly(1031) 9 - frank(968) 5: 0.589165
kimberly(1040)    frank(959)
----------------------------------------------
kevin(965) 9 - peter(1031) 6: 0.406793
kevin(980)    peter(1016)
----------------------------------------------
kareem(968) 9 - tim(1034) 8: 0.406793
kareem(979)    tim(1023)
----------------------------------------------
georges(973) 9 - kenan(1026) 8: 0.423055
georges(983)    kenan(1016)
----------------------------------------------
darryl(1026) 9 - christine(973) 5: 0.576945
darryl(1036)    christine(963)
----------------------------------------------
jonas(1036) 9 - jon m.(946) 5: 0.626425
jonas(1044)    jon m.(938)
----------------------------------------------
eliott(960) 5 - pravin(1025) 4: 0.407259
eliott(971)    pravin(1015)
----------------------------------------------
kendra(1044) 9 - mark(975) 2: 0.597509
kendra(1056)    mark(963)
----------------------------------------------
john ho(987) 9 - dan(959) 6: 0.539267
john ho(996)    dan(949)
----------------------------------------------
john l.(1013) 7 - sean(1049) 6: 0.448380
john l.(1022)    sean(1040)
----------------------------------------------
jonas(1044) 7 - kendra(1056) 5: 0.482589
jonas(1054)    kendra(1046)
----------------------------------------------
eliott(971) 7 - jon m.(938) 4: 0.546449
eliott(980)    jon m.(929)
----------------------------------------------
mark(963) 9 - pravin(1015) 3: 0.426029
mark(981)    pravin(996)
----------------------------------------------
dan(949) 9 - sean(1040) 4: 0.372058
dan(969)    sean(1021)
----------------------------------------------
john l.(1022) 9 - john ho(996) 5: 0.537523
john l.(1034)    john ho(985)
----------------------------------------------
jonas(1054) 9 - dan(969) 5: 0.620051
jonas(1062)    dan(961)
----------------------------------------------
mark(981) 9 - jon m.(929) 6: 0.574522
mark(989)    jon m.(921)
----------------------------------------------
john ho(985) 9 - eliott(980) 3: 0.506807
john ho(1000)    eliott(965)
----------------------------------------------
john l.(1034) 7 - kendra(1046) 6: 0.482651
john l.(1041)    kendra(1038)
----------------------------------------------
sean(1021) 8 - pravin(996) 7: 0.535512
sean(1027)    pravin(991)
----------------------------------------------
jonas(1062) 9 - eliott(965) 3: 0.635888
jonas(1072)    eliott(955)
----------------------------------------------
jon m.(921) 9 - dan(961) 8: 0.442468
jon m.(930)    dan(951)
----------------------------------------------
john ho(1000) 9 - mark(989) 1: 0.515134
john ho(1016)    mark(973)
----------------------------------------------
sean(1027) 7 - kendra(1038) 6: 0.483214
sean(1034)    kendra(1031)
----------------------------------------------
john l.(1041) 7 - pravin(991) 6: 0.572399
john l.(1046)    pravin(987)
----------------------------------------------
frank(959) 9 - kenan(1016) 6: 0.417881
frank(973)    kenan(1002)
----------------------------------------------
kareem(979) 9 - peter(1016) 5: 0.447082
kareem(994)    peter(1001)
----------------------------------------------
christine(963) 7 - kevin(980) 6: 0.474684
christine(971)    kevin(972)
----------------------------------------------
kimberly(1040) 9 - darryl(1036) 7: 0.505580
kimberly(1049)    darryl(1027)
----------------------------------------------
tim(1023) 9 - georges(983) 5: 0.557973
tim(1034)    georges(972)
----------------------------------------------
kevin(972) 9 - frank(973) 3: 0.498453
kevin(988)    frank(958)
----------------------------------------------
kenan(1002) 9 - peter(1001) 2: 0.501558
kenan(1018)    peter(985)
----------------------------------------------
kareem(994) 9 - christine(971) 6: 0.533362
kareem(1004)    christine(961)
----------------------------------------------
georges(972) 9 - kimberly(1049) 8: 0.390546
georges(983)    kimberly(1038)
----------------------------------------------
tim(1034) 9 - darryl(1027) 5: 0.509330
tim(1046)    darryl(1015)
----------------------------------------------
christine(961) 7 - pravin(987) 4: 0.462531
christine(974)    pravin(974)
----------------------------------------------
kimberly(1038) 7 - john l.(1046) 5: 0.489086
kimberly(1048)    john l.(1036)
----------------------------------------------
sean(1034) 9 - tim(1046) 4: 0.482803
sean(1049)    tim(1031)
----------------------------------------------
john ho(1016) 6 - darryl(1015) 3: 0.502248
john ho(1027)    darryl(1003)
----------------------------------------------
georges(983) 6 - kendra(1031) 4: 0.432281
georges(995)    kendra(1019)
----------------------------------------------
tim(1031) 9 - pravin(974) 6: 0.581726
tim(1039)    pravin(966)
----------------------------------------------
christine(974) 9 - john l.(1036) 6: 0.411360
christine(988)    john l.(1021)
----------------------------------------------
sean(1049) 9 - kimberly(1048) 7: 0.501985
sean(1058)    kimberly(1038)
----------------------------------------------
john ho(1027) 9 - georges(995) 7: 0.545965
john ho(1035)    georges(988)
----------------------------------------------
darryl(1003) 9 - kendra(1019) 8: 0.478133
darryl(1011)    kendra(1011)
----------------------------------------------
dan(951) 8 - frank(958) 7: 0.490471
dan(959)    frank(951)
----------------------------------------------
peter(985) 9 - eliott(955) 2: 0.542115
peter(999)    eliott(941)
----------------------------------------------
kenan(1018) 8 - mark(973) 7: 0.564076
kenan(1022)    mark(969)
----------------------------------------------
kevin(988) 9 - jonas(1072) 5: 0.381195
kevin(1005)    jonas(1054)
----------------------------------------------
kareem(1004) 8 - jon m.(930) 4: 0.604997
kareem(1013)    jon m.(921)
----------------------------------------------
dan(959) 8 - kenan(1022) 7: 0.409618
dan(969)    kenan(1012)
----------------------------------------------
frank(951) 6 - eliott(941) 5: 0.514265
frank(957)    eliott(934)
----------------------------------------------
peter(999) 8 - mark(969) 5: 0.543580
peter(1009)    mark(959)
----------------------------------------------
kevin(1005) 9 - jon m.(921) 8: 0.618961
kevin(1008)    jon m.(919)
----------------------------------------------
kareem(1013) 9 - jonas(1054) 8: 0.440391
kareem(1022)    jonas(1045)
----------------------------------------------
dan(969) 9 - christine(988) 4: 0.472671
dan(985)    christine(973)
----------------------------------------------
kimberly(1038) 9 - eliott(934) 6: 0.645366
kimberly(1044)    eliott(929)
----------------------------------------------
tim(1039) 9 - mark(959) 3: 0.613312
tim(1050)    mark(948)
----------------------------------------------
jonas(1045) 9 - darryl(1011) 6: 0.548291
jonas(1054)    darryl(1002)
----------------------------------------------
georges(988) 9 - jon m.(919) 3: 0.597942
georges(999)    jon m.(908)
----------------------------------------------
tim(1050) 9 - dan(985) 8: 0.593017
tim(1053)    dan(981)
----------------------------------------------
eliott(929) 9 - christine(973) 7: 0.436894
eliott(941)    christine(961)
----------------------------------------------
kimberly(1044) 9 - mark(948) 4: 0.634134
kimberly(1053)    mark(940)
----------------------------------------------
darryl(1002) 9 - jon m.(908) 4: 0.632457
darryl(1011)    jon m.(899)
----------------------------------------------
jonas(1054) 9 - georges(999) 7: 0.578543
jonas(1060)    georges(993)
----------------------------------------------
pravin(966) 9 - frank(957) 5: 0.512641
pravin(978)    frank(945)
----------------------------------------------
john l.(1021) 9 - peter(1009) 2: 0.517567
john l.(1036)    peter(993)
----------------------------------------------
sean(1058) 9 - kenan(1012) 8: 0.566762
sean(1063)    kenan(1007)
----------------------------------------------
john ho(1035) 9 - kevin(1008) 8: 0.539278
john ho(1040)    kevin(1002)
----------------------------------------------
kendra(1011) 9 - kareem(1022) 7: 0.483965
kendra(1021)    kareem(1012)
----------------------------------------------
pravin(978) 7 - kenan(1007) 5: 0.458182
pravin(989)    kenan(996)
----------------------------------------------
john l.(1036) 9 - frank(945) 5: 0.628880
john l.(1044)    frank(937)
----------------------------------------------
sean(1063) 9 - peter(993) 6: 0.598628
sean(1070)    peter(986)
----------------------------------------------
kendra(1021) 9 - kevin(1002) 7: 0.526711
kendra(1029)    kevin(994)
----------------------------------------------
john ho(1040) 9 - kareem(1012) 4: 0.540730
john ho(1053)    kareem(999)
----------------------------------------------
frank(937) 9 - christine(961) 5: 0.465218
frank(951)    christine(947)
----------------------------------------------
kimberly(1053) 9 - peter(986) 3: 0.595193
kimberly(1064)    peter(974)
----------------------------------------------
tim(1053) 7 - kenan(996) 6: 0.581108
tim(1057)    kenan(993)
----------------------------------------------
kevin(994) 9 - darryl(1011) 6: 0.475773
kevin(1006)    darryl(998)
----------------------------------------------
georges(993) 9 - kareem(999) 3: 0.490902
georges(1009)    kareem(984)
----------------------------------------------
mark(940) 8 - jonas(1060) 5: 0.332730
mark(958)    jonas(1042)
----------------------------------------------
sean(1070) 8 - john ho(1053) 6: 0.524691
sean(1078)    john ho(1045)
----------------------------------------------
frank(951) 9 - tim(1057) 5: 0.352382
frank(970)    tim(1038)
----------------------------------------------
christine(947) 9 - peter(974) 7: 0.460480
christine(958)    peter(963)
----------------------------------------------
kimberly(1064) 6 - kenan(993) 5: 0.601579
kimberly(1067)    kenan(990)
----------------------------------------------
kareem(984) 9 - darryl(998) 3: 0.478740
kareem(1000)    darryl(982)
----------------------------------------------
georges(1009) 9 - kevin(1006) 5: 0.503560
georges(1021)    kevin(993)
----------------------------------------------
sean(1078) 9 - jonas(1042) 5: 0.551559
sean(1089)    jonas(1032)
----------------------------------------------
john ho(1045) 9 - christine(958) 7: 0.622255
john ho(1049)    christine(953)
----------------------------------------------
kimberly(1067) 8 - jon m.(899) 6: 0.725199
kimberly(1068)    jon m.(898)
----------------------------------------------
tim(1038) 9 - kendra(1029) 6: 0.513137
tim(1049)    kendra(1018)
----------------------------------------------
pravin(989) 9 - darryl(982) 5: 0.510108
pravin(1002)    darryl(970)
----------------------------------------------
sean(1089) 9 - georges(1021) 4: 0.596401
sean(1100)    georges(1011)
----------------------------------------------
dan(981) 7 - john l.(1044) 6: 0.410783
dan(992)    john l.(1034)
----------------------------------------------
mark(958) 9 - eliott(941) 6: 0.524072
mark(968)    eliott(930)
----------------------------------------------
tim(1049) 9 - john ho(1049) 6: 0.499987
tim(1060)    john ho(1038)
----------------------------------------------
christine(953) 9 - jon m.(898) 8: 0.578595
christine(957)    jon m.(894)
----------------------------------------------
kendra(1018) 9 - kimberly(1068) 8: 0.429555
kendra(1028)    kimberly(1058)
----------------------------------------------
pravin(1002) 9 - georges(1011) 6: 0.486762
pravin(1014)    georges(999)
----------------------------------------------
sean(1100) 9 - darryl(970) 5: 0.678575
sean(1105)    darryl(964)
----------------------------------------------
dan(992) 9 - eliott(930) 2: 0.587545
dan(1005)    eliott(918)
----------------------------------------------
dan(1005) 8 - kevin(993) 6: 0.516111
dan(1013)    kevin(985)
----------------------------------------------
frank(970) 7 - mark(968) 6: 0.503106
frank(977)    mark(961)
----------------------------------------------
john l.(1034) 9 - kareem(1000) 7: 0.548451
john l.(1041)    kareem(992)
----------------------------------------------
kenan(990) 9 - eliott(918) 3: 0.602160
kenan(1001)    eliott(907)
----------------------------------------------
john ho(1038) 9 - kendra(1028) 1: 0.513865
john ho(1054)    kendra(1012)
----------------------------------------------
pravin(1014) 9 - jon m.(894) 5: 0.665165
pravin(1020)    jon m.(888)
----------------------------------------------
peter(963) 9 - dan(1013) 8: 0.428732
peter(973)    dan(1004)
----------------------------------------------
kevin(985) 7 - mark(961) 6: 0.533900
kevin(990)    mark(956)
----------------------------------------------
kenan(1001) 8 - john l.(1041) 6: 0.442739
kenan(1013)    john l.(1029)
----------------------------------------------
kareem(992) 9 - eliott(907) 6: 0.620971
kareem(999)    eliott(900)
----------------------------------------------
pravin(1020) 9 - kendra(1012) 3: 0.511941
pravin(1035)    kendra(997)
----------------------------------------------
jonas(1032) 9 - frank(977) 3: 0.578062
jonas(1044)    frank(965)
----------------------------------------------
jonas(1044) 9 - peter(973) 5: 0.600106
jonas(1053)    peter(964)
----------------------------------------------
dan(1004) 9 - kareem(999) 6: 0.506679
dan(1015)    kareem(988)
----------------------------------------------
christine(957) 9 - sean(1105) 8: 0.298718
christine(972)    sean(1090)
----------------------------------------------
georges(999) 8 - mark(956) 7: 0.562563
georges(1004)    mark(951)
----------------------------------------------
kenan(1013) 9 - jonas(1053) 6: 0.442696
kenan(1026)    jonas(1039)
----------------------------------------------
tim(1060) 9 - jon m.(888) 3: 0.729245
tim(1066)    jon m.(882)
----------------------------------------------
peter(964) 9 - darryl(964) 8: 0.500426
peter(971)    darryl(957)
----------------------------------------------
dan(1015) 4 - georges(1004) 3: 0.515680
dan(1021)    georges(997)
----------------------------------------------
kareem(988) 7 - sean(1090) 1: 0.356536
kareem(1009)    sean(1069)
----------------------------------------------
mark(951) 8 - christine(972) 4: 0.469714
mark(965)    christine(958)
----------------------------------------------
kenan(1026) 9 - jon m.(882) 6: 0.696425
kenan(1030)    jon m.(879)
----------------------------------------------
tim(1066) 9 - jonas(1039) 5: 0.539239
tim(1078)    jonas(1028)
----------------------------------------------
frank(965) 7 - john ho(1054) 5: 0.374361
frank(979)    john ho(1040)
----------------------------------------------
peter(971) 9 - kendra(997) 5: 0.463177
peter(986)    kendra(983)
----------------------------------------------
pravin(1035) 8 - kimberly(1058) 4: 0.467022
pravin(1049)    kimberly(1044)
----------------------------------------------
kevin(990) 8 - eliott(900) 7: 0.626870
kevin(992)    eliott(898)
----------------------------------------------
john l.(1029) 8 - darryl(957) 6: 0.602494
john l.(1035)    darryl(952)
----------------------------------------------
georges(997) 9 - christine(958) 4: 0.556356
georges(1009)    christine(946)
----------------------------------------------
kimberly(1044) 9 - john ho(1040) 8: 0.505681
kimberly(1050)    john ho(1033)
----------------------------------------------
kendra(983) 9 - frank(979) 4: 0.504879
kendra(997)    frank(965)
----------------------------------------------
peter(986) 9 - pravin(1049) 6: 0.409770
peter(1001)    pravin(1034)
----------------------------------------------
eliott(898) 9 - darryl(952) 5: 0.423511
eliott(914)    darryl(936)
----------------------------------------------
kevin(992) 8 - john l.(1035) 5: 0.439216
kevin(1006)    john l.(1021)
----------------------------------------------
jonas(1028) 15 - kimberly(1050) 10: 0.467622
jonas(1043)    kimberly(1035)
----------------------------------------------
peter(1001) 15 - jon m.(879) 1: 0.668691
peter(1013)    jon m.(866)
----------------------------------------------
dan(1021) 15 - darryl(936) 9: 0.619934
dan(1031)    darryl(925)
----------------------------------------------
tim(1078) 15 - eliott(914) 3: 0.719303
tim(1088)    eliott(904)
----------------------------------------------
kareem(1009) 15 - mark(965) 8: 0.562496
kareem(1023)    mark(952)
----------------------------------------------
kenan(1030) 9 - kevin(1006) 6: 0.534245
kenan(1040)    kevin(996)
----------------------------------------------
georges(1009) 9 - frank(965) 4: 0.563274
georges(1021)    frank(953)
----------------------------------------------
john ho(1033) 15 - kenan(1040) 11: 0.490185
john ho(1046)    kenan(1026)
----------------------------------------------
kendra(997) 15 - christine(946) 11: 0.572157
kendra(1007)    christine(936)
----------------------------------------------
pravin(1034) 10 - kevin(996) 9: 0.554701
pravin(1039)    kevin(991)
----------------------------------------------
georges(1021) 13 - john l.(1021) 9: 0.500188
georges(1034)    john l.(1008)
----------------------------------------------
tim(1088) 8 - peter(1013) 5: 0.605826
tim(1095)    peter(1006)
----------------------------------------------
frank(953) 15 - sean(1069) 11: 0.339055
frank(973)    sean(1050)
----------------------------------------------
tim(1095) 9 - kimberly(1035) 6: 0.585380
tim(1103)    kimberly(1027)
----------------------------------------------
kevin(991) 15 - sean(1050) 9: 0.416157
kevin(1010)    sean(1031)
----------------------------------------------
tim(1103) 15 - john l.(1008) 14: 0.632864
tim(1104)    john l.(1006)
----------------------------------------------
kareem(1023) 15 - pravin(1039) 8: 0.476439
kareem(1040)    pravin(1022)
----------------------------------------------
kenan(1026) 15 - kendra(1007) 9: 0.528477
kenan(1041)    kendra(992)
----------------------------------------------
peter(1006) 15 - john ho(1046) 13: 0.442201
peter(1018)    john ho(1035)
----------------------------------------------
christine(936) 9 - kimberly(1027) 8: 0.372200
christine(948)    kimberly(1015)
----------------------------------------------
mark(952) 13 - darryl(925) 12: 0.537549
mark(957)    darryl(920)
----------------------------------------------
georges(1034) 15 - eliott(904) 11: 0.678158
georges(1040)    eliott(899)
----------------------------------------------
kimberly(1015) 15 - dan(1031) 8: 0.476144
kimberly(1032)    dan(1014)
----------------------------------------------
frank(973) 15 - jon m.(866) 6: 0.648651
frank(984)    jon m.(855)
----------------------------------------------
jonas(1043) 15 - christine(948) 11: 0.633616
jonas(1051)    christine(941)
----------------------------------------------
kareem(1040) 9 - kevin(1010) 8: 0.542718
kareem(1045)    kevin(1005)
----------------------------------------------
jonas(1051) 14 - john l.(1006) 12: 0.563666
jonas(1058)    john l.(1000)
----------------------------------------------
sean(1031) 12 - jon m.(855) 8: 0.734329
sean(1035)    jon m.(851)
----------------------------------------------
dan(1014) 15 - mark(957) 9: 0.581686
dan(1026)    mark(945)
----------------------------------------------
kendra(992) 15 - eliott(899) 8: 0.631783
kendra(1003)    eliott(888)
----------------------------------------------
john ho(1035) 15 - pravin(1022) 7: 0.518291
john ho(1051)    pravin(1006)
----------------------------------------------
kareem(1045) 9 - frank(984) 7: 0.586306
kareem(1051)    frank(978)
----------------------------------------------
kenan(1041) 9 - darryl(920) 7: 0.666868
kenan(1043)    darryl(917)
----------------------------------------------
frank(978) 15 - darryl(917) 1: 0.587010
frank(994)    darryl(902)
----------------------------------------------
georges(1040) 13 - peter(1018) 11: 0.531902
georges(1048)    peter(1009)
----------------------------------------------
kenan(1043) 13 - kareem(1051) 11: 0.489156
kenan(1053)    kareem(1041)
----------------------------------------------
kimberly(1032) 15 - kevin(1005) 14: 0.539183
kimberly(1037)    kevin(999)
----------------------------------------------
tim(1104) 15 - christine(941) 5: 0.719539
tim(1113)    christine(931)
----------------------------------------------
john l.(1000) 15 - jon m.(851) 9: 0.701336
john l.(1007)    jon m.(844)
