[-1, -1, -1, -1, -1, -1, -1, -1, -1, -1, -1, -1, -1, -1, -1, -1, -1, -1, -1, -1] 
[] 

['6', -1, -1, -1, -1, -1, -1, -1, -1, -1, -1, -1, -1, -1, -1, -1, -1, -1, -1, -1] 
['6'] 

['6', '19', -1, -1, -1, -1, -1, -1, -1, -1, -1, -1, -1, -1, -1, -1, -1, -1, -1, -1] 
['19', '6'] 

['6', '19', '12', -1, -1, -1, -1, -1, -1, -1, -1, -1, -1, -1, -1, -1, -1, -1, -1, -1] 
['12', '19', '6'] 

['6', '19', '12', '11', -1, -1, -1, -1, -1, -1, -1, -1, -1, -1, -1, -1, -1, -1, -1, -1] 
['11', '12', '19', '6'] 

['6', '19', '12', '11', '4', -1, -1, -1, -1, -1, -1, -1, -1, -1, -1, -1, -1, -1, -1, -1] 
['4', '11', '12', '19', '6'] 

['6', '19', '12', '11', '4', '14', -1, -1, -1, -1, -1, -1, -1, -1, -1, -1, -1, -1, -1, -1] 
['14', '4', '11', '12', '19', '6'] 

['6', '19', '12', '11', '4', '14', '3', -1, -1, -1, -1, -1, -1, -1, -1, -1, -1, -1, -1, -1] 
['14', '3', '14', '4', '11', '12', '19', '6'] 

['6', '19', '12', '11', '4', '14', '3', '1', -1, -1, -1, -1, -1, -1, -1, -1, -1, -1, -1, -1] 
['1', '14', '3', '14', '4', '11', '12', '19', '6'] 

['6', '19', '12', '11', '4', '14', '3', '1', '20', -1, -1, -1, -1, -1, -1, -1, -1, -1, -1, -1] 
['20', '1', '14', '3', '14', '4', '11', '12', '19', '6'] 

['6', '19', '12', '11', '4', '14', '3', '1', '20', '15', -1, -1, -1, -1, -1, -1, -1, -1, -1, -1] 
['15', '20', '1', '15', '20', '1', '14', '3', '14', '4', '11', '12', '19', '6'] 

['6', '19', '12', '11', '4', '14', '3', '1', '20', '15', '7', -1, -1, -1, -1, -1, -1, -1, -1, -1] 
['6', '11', '1', '12', '7', '7', '15', '20', '1', '15', '20', '1', '14', '3', '14', '4', '11', '12', '19', '6'] 

['6', '19', '12', '11', '4', '14', '3', '1', '20', '15', '7', '18', -1, -1, -1, -1, -1, -1, -1, -1] 
['19', '18', '6', '11', '1', '12', '7', '7', '15', '20', '1', '15', '20', '1', '14', '3', '14', '4', '11', '12', '19', '6'] 

['6', '19', '12', '11', '4', '14', '3', '1', '20', '15', '7', '18', '10', -1, -1, -1, -1, -1, -1, -1] 
['10', '19', '18', '6', '11', '1', '12', '7', '7', '15', '20', '1', '15', '20', '1', '14', '3', '14', '4', '11', '12'] 

['6', '19', '12', '11', '4', '14', '3', '1', '20', '15', '7', '18', '10', '5', -1, -1, -1, -1, -1, -1] 
['6', '20', '5', '10', '19', '18', '6', '11', '1', '12', '7', '7', '15', '20', '1', '15', '20', '1', '14', '3', '14', '4', '11'] 

['6', '19', '12', '11', '9', '14', '3', '1', '20', '15', '7', '18', '10', '5', -1, -1, -1, -1, -1, -1] 
['7', '7', '9', '6', '20', '5', '10', '19', '18', '6', '11', '1', '12', '7', '7', '15', '20', '1', '15', '20', '1', '14', '3'] 

['6', '19', '12', '11', '9', '8', -1, '1', '20', '15', '7', '18', '10', '5', -1, -1, -1, -1, -1, -1] 
['11', '8', '7', '7', '9', '6', '20', '5', '10', '19', '18', '6', '11', '1', '12', '7', '7', '15', '20', '1', '15', '20'] 

['6', '19', '12', '11', '9', '8', '14', '1', '20', '15', '7', '18', '10', '5', -1, -1, -1, -1, -1, -1] 
['10', '14', '11', '8', '7', '7', '9', '6', '20', '5', '10', '19', '18', '6', '11', '1', '12', '7', '7', '15', '20', '1'] 

['6', '19', '12', '11', '9', '8', '14', '1', '20', '15', '7', '18', '10', '5', '23', -1, -1, -1, -1, -1] 
['23', '10', '14', '11', '8', '7', '7', '9', '6', '20', '5', '10', '19', '18', '6', '11', '1', '12', '7', '7', '15'] 

['6', '19', '12', '11', '9', '8', '14', '1', '20', '4', '7', '18', '10', '5', '23', -1, -1, -1, -1, -1] 
['4', '8', '12', '4', '23', '10', '14', '11', '8', '7', '7', '9', '6', '20', '5', '10', '19', '18', '6', '11', '1', '12', '7', '7'] 

['6', '19', '12', '11', '9', '8', '14', '3', '20', '4', '7', '18', '10', '5', '23', -1, -1, -1, -1, -1] 
['3', '4', '8', '12', '4', '23', '10', '14', '11', '8', '7', '7', '9', '6', '20', '5', '10', '19', '18', '6', '11'] 

['6', '19', '12', '11', '9', '8', '14', '3', '20', '4', '7', '18', '10', '5', '23', '16', -1, -1, -1, -1] 
['11', '16', '3', '4', '8', '12', '4', '23', '10', '14', '11', '8', '7', '7', '9', '6', '20', '5', '10', '19', '18', '6'] 

['6', '19', '12', '11', '9', '8', '14', '3', '20', '4', '7', '21', '10', '5', '23', '16', -1, -1, -1, -1] 
['10', '16', '9', '21', '11', '16', '3', '4', '8', '12', '4', '23', '10', '14', '11', '8', '7', '7', '9', '6', '20', '5', '10', '19'] 

['6', '17', '12', '11', '9', '8', '14', '3', -1, '4', '7', '21', '10', -1, '23', '16', -1, -1, -1, -1] 
['17', '10', '16', '9', '21', '11', '16', '3', '4', '8', '12', '4', '23', '10', '14', '11', '8', '7', '7', '9', '6'] 

['19', '17', '12', '11', '9', '8', '14', '3', -1, '4', '7', '21', '10', -1, '23', '16', -1, -1, -1, -1] 
['19', '17', '10', '16', '9', '21', '11', '16', '3', '4', '8', '12', '4', '23', '10', '14', '11', '8', '7', '7', '9'] 

['19', '17', '12', '11', '9', '8', '14', '3', '6', '4', '7', '21', '10', -1, '23', '16', -1, -1, -1, -1] 
['6', '19', '17', '10', '16', '9', '21', '11', '16', '3', '4', '8', '12', '4', '23', '10', '14', '11', '8', '7', '7'] 

['19', '17', '12', '11', '9', '8', '14', '3', '6', '4', '7', '21', '10', '20', '23', '16', -1, -1, -1, -1] 
['11', '9', '11', '8', '20', '6', '19', '17', '10', '16', '9', '21', '11', '16', '3', '4', '8', '12', '4', '23', '10', '14', '11', '8', '7'] 

['19', '17', '12', '11', '9', '8', '22', '3', '6', '4', -1, '21', '10', '20', '23', '16', -1, -1, -1, -1] 
['22', '22', '11', '9', '11', '8', '20', '6', '19', '17', '10', '16', '9', '21', '11', '16', '3', '4', '8', '12', '4', '23'] 

['19', '17', '12', '11', '9', '8', '22', '3', '6', '4', '25', '21', '10', '20', -1, '16', -1, -1, -1, -1] 
['10', '19', '19', '22', '20', '25', '9', '19', '8', '25', '10', '8', '17', '22', '25', '22', '22', '11', '9', '11', '8', '20', '6', '19', '17', '10', '16', '9', '21', '11', '16', '3', '4', '8', '12'] 

['19', '17', '35', '11', '9', '8', '22', -1, -1, -1, '25', -1, '10', '20', -1, -1, -1, -1, -1, -1] 
['35', '10', '19', '19', '22', '20', '25', '9', '19', '8', '25', '10', '8', '17', '22', '25', '22', '22', '11', '9', '11'] 

['19', '17', '35', '11', '9', '8', '22', '39', -1, -1, '25', -1, '10', '20', -1, -1, -1, -1, -1, -1] 
['39', '35', '10', '19', '19', '22', '20', '25', '9', '19', '8', '25', '10', '8', '17', '22', '25', '22', '22', '11', '9'] 

['19', '17', '35', '11', '9', '8', '22', '39', '45', -1, '25', -1, '10', '20', -1, -1, -1, -1, -1, -1] 
['45', '39', '35', '10', '19', '19', '22', '20', '25', '9', '19', '8', '25', '10', '8', '17', '22', '25', '22', '22', '11'] 

['19', '17', '35', '53', '9', '8', '22', '39', '45', -1, '25', -1, '10', '20', -1, -1, -1, -1, -1, -1] 
['53', '45', '39', '35', '10', '19', '19', '22', '20', '25', '9', '19', '8', '25', '10', '8', '17', '22', '25', '22', '22'] 

['19', '17', '35', '53', '9', '8', '22', '39', '45', '41', '25', -1, '10', '20', -1, -1, -1, -1, -1, -1] 
['35', '41', '53', '45', '39', '35', '10', '19', '19', '22', '20', '25', '9', '19', '8', '25', '10', '8', '17', '22', '25', '22'] 

['19', '17', '35', '53', '9', '8', '22', '39', '45', '41', '25', '37', '10', '20', -1, -1, -1, -1, -1, -1] 
['35', '37', '35', '41', '53', '45', '39', '35', '10', '19', '19', '22', '20', '25', '9', '19', '8', '25', '10', '8', '17', '22'] 

['19', '43', '35', '53', '9', '8', '22', '39', '45', '41', '25', '37', '10', '20', -1, -1, -1, -1, -1, -1] 
['43', '35', '37', '35', '41', '53', '45', '39', '35', '10', '19', '19', '22', '20', '25', '9', '19', '8', '25', '10', '8'] 

['19', '43', '35', '53', '9', '8', '22', '39', '45', '41', '25', '37', '10', '20', '48', -1, -1, -1, -1, -1] 
['48', '43', '35', '37', '35', '41', '53', '45', '39', '35', '10', '19', '19', '22', '20', '25', '9', '19', '8', '25', '10'] 

['19', '43', '35', '53', '9', '8', '22', '39', '45', '41', '25', '37', '10', '20', '48', '55', -1, -1, -1, -1] 
['55', '48', '43', '35', '37', '35', '41', '53', '45', '39', '35', '10', '19', '19', '22', '20', '25', '9', '19', '8', '25'] 

['19', '43', '35', '53', '9', '8', '22', '39', '45', '41', '25', '37', '10', '20', '48', '55', '52', -1, -1, -1] 
['52', '55', '48', '43', '35', '37', '35', '41', '53', '45', '39', '35', '10', '19', '19', '22', '20', '25', '9', '19', '8'] 

['19', '43', '35', '53', '9', '50', '22', '39', '45', '41', '25', '37', '10', '20', '48', '55', '52', -1, -1, -1] 
['41', '50', '52', '55', '48', '43', '35', '37', '35', '41', '53', '45', '39', '35', '10', '19', '19', '22', '20', '25', '9', '19'] 

['19', '43', '35', '53', '47', '50', '22', '39', '45', '41', '25', '37', '10', '20', '48', '55', '52', -1, -1, -1] 
['47', '41', '50', '52', '55', '48', '43', '35', '37', '35', '41', '53', '45', '39', '35', '10', '19', '19', '22', '20', '25'] 

['19', '43', '35', '53', '47', '50', '22', '39', '45', '41', '40', '37', '10', '20', '48', '55', '52', -1, -1, -1] 
['39', '40', '47', '41', '50', '52', '55', '48', '43', '35', '37', '35', '41', '53', '45', '39', '35', '10', '19', '19', '22', '20'] 

['19', '43', '35', '53', '47', '50', '42', '39', '45', '41', '40', '37', '10', -1, '48', '55', '52', -1, -1, -1] 
['35', '42', '39', '40', '47', '41', '50', '52', '55', '48', '43', '35', '37', '35', '41', '53', '45', '39', '35', '10', '19', '19'] 

['36', '43', '35', '53', '47', '50', '42', '39', '45', '41', '40', '37', '10', -1, '48', '55', '52', -1, -1, -1] 
['36', '35', '42', '39', '40', '47', '41', '50', '52', '55', '48', '43', '35', '37', '35', '41', '53', '45', '39', '35', '10'] 

['36', '43', '35', '53', '47', '50', '42', '39', '45', '41', '40', '37', '51', -1, '48', '55', '52', -1, -1, -1] 
['37', '48', '48', '47', '52', '45', '43', '51', '36', '35', '42', '39', '40', '47', '41', '50', '52', '55', '48', '43', '35', '37', '35', '41', '53', '45', '39', '35'] 

['36', '43', '35', '56', '47', '50', '42', '39', '45', '41', '40', '37', '51', -1, '48', '55', '52', -1, -1, -1] 
['56', '37', '48', '48', '47', '52', '45', '43', '51', '36', '35', '42', '39', '40', '47', '41', '50', '52', '55', '48', '43'] 

